#
# A fatal error has been detected by the Java Runtime Environment:
#
#  SIGSEGV (0xb) at pc=0x00007f6ac0a8ce38, pid=2553, tid=140096499214080
#
# JRE version: 6.0_27-b27
# Java VM: OpenJDK 64-Bit Server VM (20.0-b12 mixed mode linux-amd64 compressed oops)
# Derivative: IcedTea6 1.12.6
# Distribution: Debian GNU/Linux 7.1 (wheezy), package 6b27-1.12.6-1~deb7u1
# Problematic frame:
# C  [libX11.so.6+0x3ae38]  XQueryExtension+0x28
#
# If you would like to submit a bug report, please include
# instructions how to reproduce the bug and visit:
#   http://icedtea.classpath.org/bugzilla
#

---------------  T H R E A D  ---------------

Current thread (0x0000000002464800):  VMThread [stack: 0x00007f6ac201e000,0x00007f6ac211f000] [id=2563]

siginfo:si_signo=SIGSEGV: si_errno=0, si_code=1 (SEGV_MAPERR), si_addr=0xffffffffbc14d198

Registers:
RAX=0x0000000002ff9aa0, RBX=0xffffffffbc14c830, RCX=0x00007f6ac211d948, RDX=0x00007f6ac211d944
RSP=0x00007f6ac211d8e0, RBP=0x00007f6ab3354600, RSI=0x00007f6ab321b992, RDI=0xffffffffbc14c830
R8 =0x00007f6ac211d94c, R9 =0x0000000000000000, R10=0x00007f6ac8772768, R11=0x00007f6ac84210d0
R12=0x00007f6ab321b992, R13=0x0000000002ff9aa0, R14=0x00007f6abc24e050, R15=0x00007f6abc2b53b0
RIP=0x00007f6ac0a8ce38, EFLAGS=0x0000000000010202, CSGSFS=0x0000000000000033, ERR=0x0000000000000005
  TRAPNO=0x000000000000000e

Top of Stack: (sp=0x00007f6ac211d8e0)
0x00007f6ac211d8e0:   0000000000000020 0000000302645f01
0x00007f6ac211d8f0:   00007f6ac83f85c8 00007f6ac91ad000
0x00007f6ac211d900:   00007f6ac83f85c8 ffffffffbc14c830
0x00007f6ac211d910:   00007f6ab3354600 00007f6ab321b992
0x00007f6ac211d920:   0000000002ff9aa0 00007f6abc24e050
0x00007f6ac211d930:   00007f6abc2b53b0 00007f6ac0a80e72
0x00007f6ac211d940:   00007f6abc24e050 0000000000000000
0x00007f6ac211d950:   0000000000000000 00007f6ab3354600
0x00007f6ac211d960:   ffffffffbc14c830 00007f6ac0d9a71d
0x00007f6ac211d970:   00007f6ab321b992 00000011c83f85c8
0x00007f6ac211d980:   00007f6ac211da00 0000000000000000
0x00007f6ac211d990:   00007f6ac211da00 ffffffffbc14c830
0x00007f6ac211d9a0:   00007f6ac91d0048 00007f6abc24e050
0x00007f6ac211d9b0:   00007f6ab336de50 00007f6ab31c43d9
0x00007f6ac211d9c0:   0000000000000000 000000000000003e
0x00007f6ac211d9d0:   00007f6ac211da00 0000000000000000
0x00007f6ac211d9e0:   00007f6ac91d0048 00007f6abc24e050
0x00007f6ac211d9f0:   000000000000002e 00007f6ab31b8ae2
0x00007f6ac211da00:   00007f6ac211dc90 00007f6ab321b911
0x00007f6ac211da10:   00007f6ac211dc90 00007f6ac8fbe4ec
0x00007f6ac211da20:   00007f6ac91d11c8 00007f6ac91d1758
0x00007f6ac211da30:   00007f6ac91ae508 00000000023f9a60
0x00007f6ac211da40:   00000000023f9f80 00000000023fa480
0x00007f6ac211da50:   00000000023ff180 0000000002562c20
0x00007f6ac211da60:   00000000026be770 00000000026bec50
0x00007f6ac211da70:   00007f6ac91ce7f0 00007f6abc0cc1a0
0x00007f6ac211da80:   00007f6abc0cb9a0 0000000002738370
0x00007f6ac211da90:   000000000273eab0 000000000254d480
0x00007f6ac211daa0:   00000000026621b0 00000000023f5760
0x00007f6ac211dab0:   00000000023f50a0 00000000023f05f0
0x00007f6ac211dac0:   00000000023f0b60 00000000023f1570
0x00007f6ac211dad0:   00007f6abc0cc660 0000000002684920 

Instructions: (pc=0x00007f6ac0a8ce38)
0x00007f6ac0a8ce18:   24 e0 48 89 fb 4c 89 6c 24 e8 4c 89 74 24 f0 49
0x00007f6ac0a8ce28:   89 f4 4c 89 7c 24 f8 48 89 6c 24 d8 48 83 ec 58
0x00007f6ac0a8ce38:   48 8b 87 68 09 00 00 49 89 d7 49 89 ce 4d 89 c5
0x00007f6ac0a8ce48:   48 85 c0 74 02 ff 10 ba 08 00 00 00 be 62 00 00 

Register to memory mapping:

RAX=0x0000000002ff9aa0 is an unknown value
RBX=0xffffffffbc14c830 is an unknown value
RCX=0x00007f6ac211d948 is an unknown value
RDX=0x00007f6ac211d944 is an unknown value
RSP=0x00007f6ac211d8e0 is an unknown value
RBP=0x00007f6ab3354600: <offset 0x1cf600> in /usr/lib/x86_64-linux-gnu/libGL.so.1 at 0x00007f6ab3185000
RSI=0x00007f6ab321b992: <offset 0x96992> in /usr/lib/x86_64-linux-gnu/libGL.so.1 at 0x00007f6ab3185000
RDI=0xffffffffbc14c830 is an unknown value
R8 =0x00007f6ac211d94c is an unknown value
R9 =0x0000000000000000 is an unknown value
R10=0x00007f6ac8772768: <offset 0x388768> in /lib/x86_64-linux-gnu/libc.so.6 at 0x00007f6ac83ea000
R11=0x00007f6ac84210d0: __cxa_finalize+0 in /lib/x86_64-linux-gnu/libc.so.6 at 0x00007f6ac83ea000
R12=0x00007f6ab321b992: <offset 0x96992> in /usr/lib/x86_64-linux-gnu/libGL.so.1 at 0x00007f6ab3185000
R13=0x0000000002ff9aa0 is an unknown value
R14=0x00007f6abc24e050 is an unknown value
R15=0x00007f6abc2b53b0 is an unknown value


Stack: [0x00007f6ac201e000,0x00007f6ac211f000],  sp=0x00007f6ac211d8e0,  free space=1022k
Native frames: (J=compiled Java code, j=interpreted, Vv=VM code, C=native code)
C  [libX11.so.6+0x3ae38]  XQueryExtension+0x28

VM_Operation (0x00007f6ab358e750): Exit, mode: safepoint, requested by thread 0x0000000002797800


---------------  P R O C E S S  ---------------

Java Threads: ( => current thread )
  0x0000000002655800 JavaThread "AsynchExecutor-Thread" daemon [_thread_blocked, id=2584, stack(0x00007f6aaed96000,0x00007f6aaee97000)]
  0x0000000003242000 JavaThread "AsynchExecutor-Thread" daemon [_thread_blocked, id=2583, stack(0x00007f6ab338e000,0x00007f6ab348f000)]
  0x00000000023fb000 JavaThread "DestroyJavaVM" [_thread_blocked, id=2558, stack(0x00007f6ac90a9000,0x00007f6ac91aa000)]
  0x0000000002797800 JavaThread "LWJGL Application" [_thread_blocked, id=2576, stack(0x00007f6ab348f000,0x00007f6ab3590000)]
  0x0000000002743000 JavaThread "AWT-XAWT" daemon [_thread_in_native, id=2572, stack(0x00007f6abb271000,0x00007f6abb372000)]
  0x00000000026d5000 JavaThread "Java2D Disposer" daemon [_thread_blocked, id=2571, stack(0x00007f6abb810000,0x00007f6abb911000)]
  0x00007f6abc006800 JavaThread "Low Memory Detector" daemon [_thread_blocked, id=2569, stack(0x00007f6ac18a1000,0x00007f6ac19a2000)]
  0x00007f6abc004000 JavaThread "C2 CompilerThread1" daemon [_thread_blocked, id=2568, stack(0x00007f6ac19a2000,0x00007f6ac1aa3000)]
  0x00007f6abc001000 JavaThread "C2 CompilerThread0" daemon [_thread_blocked, id=2567, stack(0x00007f6ac1aa3000,0x00007f6ac1ba4000)]
  0x000000000246b800 JavaThread "Finalizer" daemon [_thread_blocked, id=2565, stack(0x00007f6ac1e1c000,0x00007f6ac1f1d000)]
  0x0000000002469800 JavaThread "Reference Handler" daemon [_thread_blocked, id=2564, stack(0x00007f6ac1f1d000,0x00007f6ac201e000)]

Other Threads:
=>0x0000000002464800 VMThread [stack: 0x00007f6ac201e000,0x00007f6ac211f000] [id=2563]

VM state:at safepoint (shutting down)

VM Mutex/Monitor currently owned by a thread:  ([mutex/lock_event])
[0x00000000023f7e30] Threads_lock - owner thread: 0x0000000002464800

Heap
 PSYoungGen      total 18240K, used 13071K [0x00000000ebab0000, 0x00000000ecf00000, 0x0000000100000000)
  eden space 15680K, 67% used [0x00000000ebab0000,0x00000000ec4fb1f0,0x00000000eca00000)
  from space 2560K, 98% used [0x00000000eca00000,0x00000000ecc78bb0,0x00000000ecc80000)
  to   space 2560K, 0% used [0x00000000ecc80000,0x00000000ecc80000,0x00000000ecf00000)
 PSOldGen        total 41664K, used 3489K [0x00000000c3000000, 0x00000000c58b0000, 0x00000000ebab0000)
  object space 41664K, 8% used [0x00000000c3000000,0x00000000c3368658,0x00000000c58b0000)
 PSPermGen       total 21248K, used 13529K [0x00000000b8a00000, 0x00000000b9ec0000, 0x00000000c3000000)
  object space 21248K, 63% used [0x00000000b8a00000,0x00000000b97366f8,0x00000000b9ec0000)

Code Cache  [0x00007f6ac2fec000, 0x00007f6ac325c000, 0x00007f6ac5fec000)
 total_blobs=924 nmethods=370 adapters=508 free_code_cache=48679424 largest_free_block=28096

Dynamic libraries:
00400000-00409000 r-xp 00000000 08:04 3937229                            /usr/lib/jvm/java-6-openjdk-amd64/jre/bin/java
00608000-00609000 rw-p 00008000 08:04 3937229                            /usr/lib/jvm/java-6-openjdk-amd64/jre/bin/java
023f0000-04a0e000 rw-p 00000000 00:00 0                                  [heap]
b8a00000-b9ec0000 rw-p 00000000 00:00 0 
b9ec0000-c3000000 rw-p 00000000 00:00 0 
c3000000-c58b0000 rw-p 00000000 00:00 0 
c58b0000-ebab0000 rw-p 00000000 00:00 0 
ebab0000-ecf00000 rw-p 00000000 00:00 0 
ecf00000-100000000 rw-p 00000000 00:00 0 
7f6aaed96000-7f6aaed99000 ---p 00000000 00:00 0 
7f6aaed99000-7f6aaee97000 rw-p 00000000 00:00 0 
7f6aaf198000-7f6aaf199000 ---p 00000000 00:00 0 
7f6aaf199000-7f6aaf999000 rw-p 00000000 00:00 0 
7f6aaf999000-7f6aaf99a000 ---p 00000000 00:00 0 
7f6aaf99a000-7f6ab019a000 rw-p 00000000 00:00 0 
7f6ab01e5000-7f6ab01e8000 ---p 00000000 00:00 0 
7f6ab01e8000-7f6ab032e000 rw-p 00000000 00:00 0 
7f6ab032e000-7f6ab0a2e000 rw-s 00006000 00:05 8341                       /dev/ati/card0
7f6ab0a2e000-7f6ab0aab000 rw-p 00000000 00:00 0 
7f6ab0aab000-7f6ab0aad000 r-xp 00000000 08:04 4199753                    /usr/lib/x86_64-linux-gnu/libXinerama.so.1.0.0
7f6ab0aad000-7f6ab0cac000 ---p 00002000 08:04 4199753                    /usr/lib/x86_64-linux-gnu/libXinerama.so.1.0.0
7f6ab0cac000-7f6ab0cad000 rw-p 00001000 08:04 4199753                    /usr/lib/x86_64-linux-gnu/libXinerama.so.1.0.0
7f6ab0cad000-7f6ab0cea000 r-xp 00000000 08:04 4201336                    /usr/lib/x86_64-linux-gnu/libatiadlxx.so
7f6ab0cea000-7f6ab0de9000 ---p 0003d000 08:04 4201336                    /usr/lib/x86_64-linux-gnu/libatiadlxx.so
7f6ab0de9000-7f6ab0df3000 rw-p 0003c000 08:04 4201336                    /usr/lib/x86_64-linux-gnu/libatiadlxx.so
7f6ab0df3000-7f6ab0e03000 rw-p 00000000 00:00 0 
7f6ab0e03000-7f6ab0e0a000 r-xp 00000000 08:04 4201328                    /usr/lib/x86_64-linux-gnu/libatiuki.so.1.0
7f6ab0e0a000-7f6ab0f0a000 ---p 00007000 08:04 4201328                    /usr/lib/x86_64-linux-gnu/libatiuki.so.1.0
7f6ab0f0a000-7f6ab0f0b000 rw-p 00007000 08:04 4201328                    /usr/lib/x86_64-linux-gnu/libatiuki.so.1.0
7f6ab0f0b000-7f6ab0f0c000 rw-p 00000000 00:00 0 
7f6ab0f0c000-7f6ab2e04000 r-xp 00000000 08:04 4201338                    /usr/lib/x86_64-linux-gnu/dri/fglrx_dri.so
7f6ab2e04000-7f6ab2f03000 ---p 01ef8000 08:04 4201338                    /usr/lib/x86_64-linux-gnu/dri/fglrx_dri.so
7f6ab2f03000-7f6ab3061000 rwxp 01ef7000 08:04 4201338                    /usr/lib/x86_64-linux-gnu/dri/fglrx_dri.so
7f6ab3061000-7f6ab3185000 rwxp 00000000 00:00 0 
7f6ab3185000-7f6ab3248000 r-xp 00000000 08:04 4201341                    /usr/lib/x86_64-linux-gnu/fglrx/fglrx-libGL.so.1.2
7f6ab3248000-7f6ab3347000 ---p 000c3000 08:04 4201341                    /usr/lib/x86_64-linux-gnu/fglrx/fglrx-libGL.so.1.2
7f6ab3347000-7f6ab336e000 rwxp 000c2000 08:04 4201341                    /usr/lib/x86_64-linux-gnu/fglrx/fglrx-libGL.so.1.2
7f6ab336e000-7f6ab338e000 rwxp 00000000 00:00 0 
7f6ab338e000-7f6ab3391000 ---p 00000000 00:00 0 
7f6ab3391000-7f6ab348f000 rw-p 00000000 00:00 0 
7f6ab348f000-7f6ab3492000 ---p 00000000 00:00 0 
7f6ab3492000-7f6ab3590000 rw-p 00000000 00:00 0 
7f6ab3590000-7f6ab3593000 ---p 00000000 00:00 0 
7f6ab3593000-7f6ab3691000 rw-p 00000000 00:00 0 
7f6ab7692000-7f6ab7693000 ---p 00000000 00:00 0 
7f6ab7693000-7f6ab7e93000 rw-p 00000000 00:00 0 
7f6ab7e93000-7f6ab7ea6000 r-xp 00000000 08:04 12190676                   /lib/x86_64-linux-gnu/libresolv-2.13.so
7f6ab7ea6000-7f6ab80a5000 ---p 00013000 08:04 12190676                   /lib/x86_64-linux-gnu/libresolv-2.13.so
7f6ab80a5000-7f6ab80a6000 r--p 00012000 08:04 12190676                   /lib/x86_64-linux-gnu/libresolv-2.13.so
7f6ab80a6000-7f6ab80a7000 rw-p 00013000 08:04 12190676                   /lib/x86_64-linux-gnu/libresolv-2.13.so
7f6ab80a7000-7f6ab80a9000 rw-p 00000000 00:00 0 
7f6ab80a9000-7f6ab80af000 r-xp 00000000 08:04 4200289                    /usr/lib/x86_64-linux-gnu/libogg.so.0.8.0
7f6ab80af000-7f6ab82ae000 ---p 00006000 08:04 4200289                    /usr/lib/x86_64-linux-gnu/libogg.so.0.8.0
7f6ab82ae000-7f6ab82af000 rw-p 00005000 08:04 4200289                    /usr/lib/x86_64-linux-gnu/libogg.so.0.8.0
7f6ab82af000-7f6ab82db000 r-xp 00000000 08:04 4200496                    /usr/lib/x86_64-linux-gnu/libvorbis.so.0.4.5
7f6ab82db000-7f6ab84da000 ---p 0002c000 08:04 4200496                    /usr/lib/x86_64-linux-gnu/libvorbis.so.0.4.5
7f6ab84da000-7f6ab84db000 r--p 0002b000 08:04 4200496                    /usr/lib/x86_64-linux-gnu/libvorbis.so.0.4.5
7f6ab84db000-7f6ab84dc000 rw-p 0002c000 08:04 4200496                    /usr/lib/x86_64-linux-gnu/libvorbis.so.0.4.5
7f6ab84dc000-7f6ab878f000 r-xp 00000000 08:04 4200498                    /usr/lib/x86_64-linux-gnu/libvorbisenc.so.2.0.8
7f6ab878f000-7f6ab898e000 ---p 002b3000 08:04 4200498                    /usr/lib/x86_64-linux-gnu/libvorbisenc.so.2.0.8
7f6ab898e000-7f6ab89aa000 r--p 002b2000 08:04 4200498                    /usr/lib/x86_64-linux-gnu/libvorbisenc.so.2.0.8
7f6ab89aa000-7f6ab89ab000 rw-p 002ce000 08:04 4200498                    /usr/lib/x86_64-linux-gnu/libvorbisenc.so.2.0.8
7f6ab89ab000-7f6ab89f6000 r-xp 00000000 08:04 4199700                    /usr/lib/x86_64-linux-gnu/libFLAC.so.8.2.0
7f6ab89f6000-7f6ab8bf5000 ---p 0004b000 08:04 4199700                    /usr/lib/x86_64-linux-gnu/libFLAC.so.8.2.0
7f6ab8bf5000-7f6ab8bf6000 r--p 0004a000 08:04 4199700                    /usr/lib/x86_64-linux-gnu/libFLAC.so.8.2.0
7f6ab8bf6000-7f6ab8bf7000 rw-p 0004b000 08:04 4199700                    /usr/lib/x86_64-linux-gnu/libFLAC.so.8.2.0
7f6ab8bf7000-7f6ab8bfb000 r-xp 00000000 08:04 12190707                   /lib/x86_64-linux-gnu/libuuid.so.1.3.0
7f6ab8bfb000-7f6ab8dfa000 ---p 00004000 08:04 12190707                   /lib/x86_64-linux-gnu/libuuid.so.1.3.0
7f6ab8dfa000-7f6ab8dfb000 r--p 00003000 08:04 12190707                   /lib/x86_64-linux-gnu/libuuid.so.1.3.0
7f6ab8dfb000-7f6ab8dfc000 rw-p 00004000 08:04 12190707                   /lib/x86_64-linux-gnu/libuuid.so.1.3.0
7f6ab8dfc000-7f6ab8e00000 r-xp 00000000 08:04 12190559                   /lib/x86_64-linux-gnu/libattr.so.1.1.0
7f6ab8e00000-7f6ab8fff000 ---p 00004000 08:04 12190559                   /lib/x86_64-linux-gnu/libattr.so.1.1.0
7f6ab8fff000-7f6ab9000000 r--p 00003000 08:04 12190559                   /lib/x86_64-linux-gnu/libattr.so.1.1.0
7f6ab9000000-7f6ab9001000 rw-p 00004000 08:04 12190559                   /lib/x86_64-linux-gnu/libattr.so.1.1.0
7f6ab9001000-7f6ab9006000 r-xp 00000000 08:04 4199797                    /usr/lib/x86_64-linux-gnu/libasyncns.so.0.3.1
7f6ab9006000-7f6ab9205000 ---p 00005000 08:04 4199797                    /usr/lib/x86_64-linux-gnu/libasyncns.so.0.3.1
7f6ab9205000-7f6ab9206000 rw-p 00004000 08:04 4199797                    /usr/lib/x86_64-linux-gnu/libasyncns.so.0.3.1
7f6ab9206000-7f6ab9267000 r-xp 00000000 08:04 4200411                    /usr/lib/x86_64-linux-gnu/libsndfile.so.1.0.25
7f6ab9267000-7f6ab9466000 ---p 00061000 08:04 4200411                    /usr/lib/x86_64-linux-gnu/libsndfile.so.1.0.25
7f6ab9466000-7f6ab9468000 r--p 00060000 08:04 4200411                    /usr/lib/x86_64-linux-gnu/libsndfile.so.1.0.25
7f6ab9468000-7f6ab9469000 rw-p 00062000 08:04 4200411                    /usr/lib/x86_64-linux-gnu/libsndfile.so.1.0.25
7f6ab9469000-7f6ab946d000 rw-p 00000000 00:00 0 
7f6ab946d000-7f6ab9476000 r-xp 00000000 08:04 12190709                   /lib/x86_64-linux-gnu/libwrap.so.0.7.6
7f6ab9476000-7f6ab9675000 ---p 00009000 08:04 12190709                   /lib/x86_64-linux-gnu/libwrap.so.0.7.6
7f6ab9675000-7f6ab9676000 r--p 00008000 08:04 12190709                   /lib/x86_64-linux-gnu/libwrap.so.0.7.6
7f6ab9676000-7f6ab9677000 rw-p 00009000 08:04 12190709                   /lib/x86_64-linux-gnu/libwrap.so.0.7.6
7f6ab9677000-7f6ab9678000 rw-p 00000000 00:00 0 
7f6ab9678000-7f6ab967f000 r-xp 00000000 08:04 4199720                    /usr/lib/x86_64-linux-gnu/libSM.so.6.0.1
7f6ab967f000-7f6ab987e000 ---p 00007000 08:04 4199720                    /usr/lib/x86_64-linux-gnu/libSM.so.6.0.1
7f6ab987e000-7f6ab987f000 rw-p 00006000 08:04 4199720                    /usr/lib/x86_64-linux-gnu/libSM.so.6.0.1
7f6ab987f000-7f6ab9896000 r-xp 00000000 08:04 4199710                    /usr/lib/x86_64-linux-gnu/libICE.so.6.3.0
7f6ab9896000-7f6ab9a95000 ---p 00017000 08:04 4199710                    /usr/lib/x86_64-linux-gnu/libICE.so.6.3.0
7f6ab9a95000-7f6ab9a97000 rw-p 00016000 08:04 4199710                    /usr/lib/x86_64-linux-gnu/libICE.so.6.3.0
7f6ab9a97000-7f6ab9a9a000 rw-p 00000000 00:00 0 
7f6ab9a9a000-7f6ab9a9b000 r-xp 00000000 08:04 4199726                    /usr/lib/x86_64-linux-gnu/libX11-xcb.so.1.0.0
7f6ab9a9b000-7f6ab9c9a000 ---p 00001000 08:04 4199726                    /usr/lib/x86_64-linux-gnu/libX11-xcb.so.1.0.0
7f6ab9c9a000-7f6ab9c9b000 rw-p 00000000 08:04 4199726                    /usr/lib/x86_64-linux-gnu/libX11-xcb.so.1.0.0
7f6ab9c9b000-7f6ab9c9f000 r-xp 00000000 08:04 12190572                   /lib/x86_64-linux-gnu/libcap.so.2.22
7f6ab9c9f000-7f6ab9e9e000 ---p 00004000 08:04 12190572                   /lib/x86_64-linux-gnu/libcap.so.2.22
7f6ab9e9e000-7f6ab9e9f000 rw-p 00003000 08:04 12190572                   /lib/x86_64-linux-gnu/libcap.so.2.22
7f6ab9e9f000-7f6ab9ee3000 r-xp 00000000 08:04 12190580                   /lib/x86_64-linux-gnu/libdbus-1.so.3.7.2
7f6ab9ee3000-7f6aba0e3000 ---p 00044000 08:04 12190580                   /lib/x86_64-linux-gnu/libdbus-1.so.3.7.2
7f6aba0e3000-7f6aba0e4000 r--p 00044000 08:04 12190580                   /lib/x86_64-linux-gnu/libdbus-1.so.3.7.2
7f6aba0e4000-7f6aba0e5000 rw-p 00045000 08:04 12190580                   /lib/x86_64-linux-gnu/libdbus-1.so.3.7.2
7f6aba0e5000-7f6aba146000 r-xp 00000000 08:04 4325923                    /usr/lib/x86_64-linux-gnu/pulseaudio/libpulsecommon-2.0.so
7f6aba146000-7f6aba345000 ---p 00061000 08:04 4325923                    /usr/lib/x86_64-linux-gnu/pulseaudio/libpulsecommon-2.0.so
7f6aba345000-7f6aba346000 r--p 00060000 08:04 4325923                    /usr/lib/x86_64-linux-gnu/pulseaudio/libpulsecommon-2.0.so
7f6aba346000-7f6aba348000 rw-p 00061000 08:04 4325923                    /usr/lib/x86_64-linux-gnu/pulseaudio/libpulsecommon-2.0.so
7f6aba348000-7f6aba351000 r-xp 00000000 08:04 12190608                   /lib/x86_64-linux-gnu/libjson.so.0.1.0
7f6aba351000-7f6aba550000 ---p 00009000 08:04 12190608                   /lib/x86_64-linux-gnu/libjson.so.0.1.0
7f6aba550000-7f6aba551000 r--p 00008000 08:04 12190608                   /lib/x86_64-linux-gnu/libjson.so.0.1.0
7f6aba551000-7f6aba552000 rw-p 00009000 08:04 12190608                   /lib/x86_64-linux-gnu/libjson.so.0.1.0
7f6aba552000-7f6aba59b000 r-xp 00000000 08:04 4200364                    /usr/lib/x86_64-linux-gnu/libpulse.so.0.14.2
7f6aba59b000-7f6aba79a000 ---p 00049000 08:04 4200364                    /usr/lib/x86_64-linux-gnu/libpulse.so.0.14.2
7f6aba79a000-7f6aba79b000 r--p 00048000 08:04 4200364                    /usr/lib/x86_64-linux-gnu/libpulse.so.0.14.2
7f6aba79b000-7f6aba79c000 rw-p 00049000 08:04 4200364                    /usr/lib/x86_64-linux-gnu/libpulse.so.0.14.2
7f6aba9f5000-7f6aba9f9000 r-xp 00000000 08:04 4199775                    /usr/lib/x86_64-linux-gnu/libXxf86vm.so.1.0.0
7f6aba9f9000-7f6ababf9000 ---p 00004000 08:04 4199775                    /usr/lib/x86_64-linux-gnu/libXxf86vm.so.1.0.0
7f6ababf9000-7f6ababfa000 r--p 00004000 08:04 4199775                    /usr/lib/x86_64-linux-gnu/libXxf86vm.so.1.0.0
7f6ababfa000-7f6ababfb000 rw-p 00005000 08:04 4199775                    /usr/lib/x86_64-linux-gnu/libXxf86vm.so.1.0.0
7f6ababfb000-7f6abac02000 r-xp 00000000 08:04 4199761                    /usr/lib/x86_64-linux-gnu/libXrandr.so.2.2.0
7f6abac02000-7f6abae02000 ---p 00007000 08:04 4199761                    /usr/lib/x86_64-linux-gnu/libXrandr.so.2.2.0
7f6abae02000-7f6abae03000 rw-p 00007000 08:04 4199761                    /usr/lib/x86_64-linux-gnu/libXrandr.so.2.2.0
7f6abae03000-7f6abae6d000 r-xp 00000000 08:04 10485784                   /tmp/libgdxchobe/d13da6b9/liblwjgl64.so
7f6abae6d000-7f6abb06d000 ---p 0006a000 08:04 10485784                   /tmp/libgdxchobe/d13da6b9/liblwjgl64.so
7f6abb06d000-7f6abb06f000 r--p 0006a000 08:04 10485784                   /tmp/libgdxchobe/d13da6b9/liblwjgl64.so
7f6abb06f000-7f6abb070000 rw-p 0006c000 08:04 10485784                   /tmp/libgdxchobe/d13da6b9/liblwjgl64.so
7f6abb070000-7f6abb071000 r-xp 00000000 08:04 3937267                    /usr/lib/jvm/java-6-openjdk-amd64/jre/lib/amd64/libjawt.so
7f6abb071000-7f6abb270000 ---p 00001000 08:04 3937267                    /usr/lib/jvm/java-6-openjdk-amd64/jre/lib/amd64/libjawt.so
7f6abb270000-7f6abb271000 rw-p 00000000 08:04 3937267                    /usr/lib/jvm/java-6-openjdk-amd64/jre/lib/amd64/libjawt.so
7f6abb271000-7f6abb274000 ---p 00000000 00:00 0 
7f6abb274000-7f6abb372000 rw-p 00000000 00:00 0 
7f6abb372000-7f6abb37b000 r--s 00000000 08:04 8650813                    /var/cache/fontconfig/945677eb7aeaf62f1d50efc3fb3ec7d8-le64.cache-3
7f6abb37b000-7f6abb380000 r--s 00000000 08:04 8650812                    /var/cache/fontconfig/6eb3985aa4124903f6ff08ba781cd364-le64.cache-3
7f6abb380000-7f6abb389000 r--s 00000000 08:04 8650805                    /var/cache/fontconfig/6d41288fd70b0be22e8c3a91e032eec0-le64.cache-3
7f6abb389000-7f6abb38c000 r--s 00000000 08:04 8650802                    /var/cache/fontconfig/c57959a16110560c8d0fcea73374aeeb-le64.cache-3
7f6abb38c000-7f6abb391000 r--s 00000000 08:04 8650827                    /var/cache/fontconfig/3047814df9a2f067bd2d96a2b9c36e5a-le64.cache-3
7f6abb3c6000-7f6abb3cb000 r-xp 00000000 08:04 4199747                    /usr/lib/x86_64-linux-gnu/libXfixes.so.3.1.0
7f6abb3cb000-7f6abb5ca000 ---p 00005000 08:04 4199747                    /usr/lib/x86_64-linux-gnu/libXfixes.so.3.1.0
7f6abb5ca000-7f6abb5cb000 r--p 00004000 08:04 4199747                    /usr/lib/x86_64-linux-gnu/libXfixes.so.3.1.0
7f6abb5cb000-7f6abb5cc000 rw-p 00005000 08:04 4199747                    /usr/lib/x86_64-linux-gnu/libXfixes.so.3.1.0
7f6abb5cc000-7f6abb5d6000 r-xp 00000000 08:04 4199739                    /usr/lib/x86_64-linux-gnu/libXcursor.so.1.0.2
7f6abb5d6000-7f6abb7d5000 ---p 0000a000 08:04 4199739                    /usr/lib/x86_64-linux-gnu/libXcursor.so.1.0.2
7f6abb7d5000-7f6abb7d6000 rw-p 00009000 08:04 4199739                    /usr/lib/x86_64-linux-gnu/libXcursor.so.1.0.2
7f6abb7dc000-7f6abb7dd000 rw-s 00005000 00:05 8341                       /dev/ati/card0
7f6abb7dd000-7f6abb7ed000 rw-s e0200000 00:05 8341                       /dev/ati/card0
7f6abb7ed000-7f6abb7f4000 r--s 00000000 08:04 4199493                    /usr/lib/x86_64-linux-gnu/gconv/gconv-modules.cache
7f6abb7f4000-7f6abb7fe000 r--s 00000000 08:04 8650810                    /var/cache/fontconfig/83bf95040141907cd45bb53cf7c1c148-le64.cache-3
7f6abb7fe000-7f6abb810000 r--s 00000000 08:04 8128829                    /home/chobe/.fontconfig/e13b20fdb08344e0e664864cc2ede53d-le64.cache-3
7f6abb810000-7f6abb813000 ---p 00000000 00:00 0 
7f6abb813000-7f6abb911000 rw-p 00000000 00:00 0 
7f6abb911000-7f6abb9aa000 r-xp 00000000 08:04 4200007                    /usr/lib/x86_64-linux-gnu/libfreetype.so.6.8.1
7f6abb9aa000-7f6abbba9000 ---p 00099000 08:04 4200007                    /usr/lib/x86_64-linux-gnu/libfreetype.so.6.8.1
7f6abbba9000-7f6abbbaf000 r--p 00098000 08:04 4200007                    /usr/lib/x86_64-linux-gnu/libfreetype.so.6.8.1
7f6abbbaf000-7f6abbbb0000 rw-p 0009e000 08:04 4200007                    /usr/lib/x86_64-linux-gnu/libfreetype.so.6.8.1
7f6abbbb0000-7f6abbbf8000 r-xp 00000000 08:04 3937258                    /usr/lib/jvm/java-6-openjdk-amd64/jre/lib/amd64/libfontmanager.so
7f6abbbf8000-7f6abbdf8000 ---p 00048000 08:04 3937258                    /usr/lib/jvm/java-6-openjdk-amd64/jre/lib/amd64/libfontmanager.so
7f6abbdf8000-7f6abbdfb000 rw-p 00048000 08:04 3937258                    /usr/lib/jvm/java-6-openjdk-amd64/jre/lib/amd64/libfontmanager.so
7f6abbdfb000-7f6abbe00000 r-xp 00000000 08:04 4199743                    /usr/lib/x86_64-linux-gnu/libXdmcp.so.6.0.0
7f6abbe00000-7f6abbfff000 ---p 00005000 08:04 4199743                    /usr/lib/x86_64-linux-gnu/libXdmcp.so.6.0.0
7f6abbfff000-7f6abc000000 rw-p 00004000 08:04 4199743                    /usr/lib/x86_64-linux-gnu/libXdmcp.so.6.0.0
7f6abc000000-7f6abf195000 rw-p 00000000 00:00 0 
7f6abf195000-7f6ac0000000 ---p 00000000 00:00 0 
7f6ac0000000-7f6ac0002000 rw-s 00002000 00:05 8341                       /dev/ati/card0
7f6ac0002000-7f6ac0009000 r--s 00000000 08:04 8650816                    /var/cache/fontconfig/3f7329c5293ffd510edef78f73874cfd-le64.cache-3
7f6ac0009000-7f6ac0012000 r--s 00000000 08:04 8650813                    /var/cache/fontconfig/945677eb7aeaf62f1d50efc3fb3ec7d8-le64.cache-3
7f6ac0012000-7f6ac0014000 r-xp 00000000 08:04 4199732                    /usr/lib/x86_64-linux-gnu/libXau.so.6.0.0
7f6ac0014000-7f6ac0214000 ---p 00002000 08:04 4199732                    /usr/lib/x86_64-linux-gnu/libXau.so.6.0.0
7f6ac0214000-7f6ac0215000 rw-p 00002000 08:04 4199732                    /usr/lib/x86_64-linux-gnu/libXau.so.6.0.0
7f6ac0215000-7f6ac0234000 r-xp 00000000 08:04 4200529                    /usr/lib/x86_64-linux-gnu/libxcb.so.1.1.0
7f6ac0234000-7f6ac0433000 ---p 0001f000 08:04 4200529                    /usr/lib/x86_64-linux-gnu/libxcb.so.1.1.0
7f6ac0433000-7f6ac0434000 r--p 0001e000 08:04 4200529                    /usr/lib/x86_64-linux-gnu/libxcb.so.1.1.0
7f6ac0434000-7f6ac0435000 rw-p 0001f000 08:04 4200529                    /usr/lib/x86_64-linux-gnu/libxcb.so.1.1.0
7f6ac0435000-7f6ac0443000 r-xp 00000000 08:04 4199751                    /usr/lib/x86_64-linux-gnu/libXi.so.6.1.0
7f6ac0443000-7f6ac0643000 ---p 0000e000 08:04 4199751                    /usr/lib/x86_64-linux-gnu/libXi.so.6.1.0
7f6ac0643000-7f6ac0644000 rw-p 0000e000 08:04 4199751                    /usr/lib/x86_64-linux-gnu/libXi.so.6.1.0
7f6ac0644000-7f6ac0649000 r-xp 00000000 08:04 4199769                    /usr/lib/x86_64-linux-gnu/libXtst.so.6.1.0
7f6ac0649000-7f6ac0848000 ---p 00005000 08:04 4199769                    /usr/lib/x86_64-linux-gnu/libXtst.so.6.1.0
7f6ac0848000-7f6ac0849000 rw-p 00004000 08:04 4199769                    /usr/lib/x86_64-linux-gnu/libXtst.so.6.1.0
7f6ac0849000-7f6ac0852000 r-xp 00000000 08:04 4199763                    /usr/lib/x86_64-linux-gnu/libXrender.so.1.3.0
7f6ac0852000-7f6ac0a51000 ---p 00009000 08:04 4199763                    /usr/lib/x86_64-linux-gnu/libXrender.so.1.3.0
7f6ac0a51000-7f6ac0a52000 rw-p 00008000 08:04 4199763                    /usr/lib/x86_64-linux-gnu/libXrender.so.1.3.0
7f6ac0a52000-7f6ac0b87000 r-xp 00000000 08:04 4199728                    /usr/lib/x86_64-linux-gnu/libX11.so.6.3.0
7f6ac0b87000-7f6ac0d87000 ---p 00135000 08:04 4199728                    /usr/lib/x86_64-linux-gnu/libX11.so.6.3.0
7f6ac0d87000-7f6ac0d8d000 rw-p 00135000 08:04 4199728                    /usr/lib/x86_64-linux-gnu/libX11.so.6.3.0
7f6ac0d8d000-7f6ac0d9e000 r-xp 00000000 08:04 4199745                    /usr/lib/x86_64-linux-gnu/libXext.so.6.4.0
7f6ac0d9e000-7f6ac0f9e000 ---p 00011000 08:04 4199745                    /usr/lib/x86_64-linux-gnu/libXext.so.6.4.0
7f6ac0f9e000-7f6ac0f9f000 rw-p 00011000 08:04 4199745                    /usr/lib/x86_64-linux-gnu/libXext.so.6.4.0
7f6ac0f9f000-7f6ac0fa0000 r--s 00000000 08:04 8650817                    /var/cache/fontconfig/c05880de57d1f5e948fdfacc138775d9-le64.cache-3
7f6ac0fa0000-7f6ac0fa1000 r--s 00000000 08:04 8663212                    /var/cache/fontconfig/617957603a337376ca8784972c6029f5-le64.cache-3
7f6ac0fa1000-7f6ac0fa2000 r--s 00000000 08:04 8650821                    /var/cache/fontconfig/4794a0821666d79190d59a36cb4f44b5-le64.cache-3
7f6ac0fa2000-7f6ac0fa5000 r--s 00000000 08:04 8650806                    /var/cache/fontconfig/e49e89034d371f0f9de17aab02136486-le64.cache-3
7f6ac0fa5000-7f6ac0fa6000 r--s 00000000 08:04 8663212                    /var/cache/fontconfig/617957603a337376ca8784972c6029f5-le64.cache-3
7f6ac0fa6000-7f6ac0fab000 r--s 00000000 08:04 8650812                    /var/cache/fontconfig/6eb3985aa4124903f6ff08ba781cd364-le64.cache-3
7f6ac0fab000-7f6ac0fb4000 r--s 00000000 08:04 8650805                    /var/cache/fontconfig/6d41288fd70b0be22e8c3a91e032eec0-le64.cache-3
7f6ac0fb4000-7f6ac0fb5000 r--s 00000000 08:04 8650821                    /var/cache/fontconfig/4794a0821666d79190d59a36cb4f44b5-le64.cache-3
7f6ac0fb5000-7f6ac0fb8000 r--s 00000000 08:04 8650802                    /var/cache/fontconfig/c57959a16110560c8d0fcea73374aeeb-le64.cache-3
7f6ac0fb8000-7f6ac0fbd000 r--s 00000000 08:04 8650827                    /var/cache/fontconfig/3047814df9a2f067bd2d96a2b9c36e5a-le64.cache-3
7f6ac0fbd000-7f6ac100a000 r-xp 00000000 08:04 3937294                    /usr/lib/jvm/java-6-openjdk-amd64/jre/lib/amd64/xawt/libmawt.so
7f6ac100a000-7f6ac1209000 ---p 0004d000 08:04 3937294                    /usr/lib/jvm/java-6-openjdk-amd64/jre/lib/amd64/xawt/libmawt.so
7f6ac1209000-7f6ac120d000 rw-p 0004c000 08:04 3937294                    /usr/lib/jvm/java-6-openjdk-amd64/jre/lib/amd64/xawt/libmawt.so
7f6ac120d000-7f6ac120e000 rw-p 00000000 00:00 0 
7f6ac120e000-7f6ac12be000 r-xp 00000000 08:04 3937256                    /usr/lib/jvm/java-6-openjdk-amd64/jre/lib/amd64/libawt.so
7f6ac12be000-7f6ac14bd000 ---p 000b0000 08:04 3937256                    /usr/lib/jvm/java-6-openjdk-amd64/jre/lib/amd64/libawt.so
7f6ac14bd000-7f6ac14c9000 rw-p 000af000 08:04 3937256                    /usr/lib/jvm/java-6-openjdk-amd64/jre/lib/amd64/libawt.so
7f6ac14c9000-7f6ac14ed000 rw-p 00000000 00:00 0 
7f6ac14ed000-7f6ac155a000 r-xp 00000000 08:04 10485782                   /tmp/libgdxchobe/d63e3ba1/libgdx64.so
7f6ac155a000-7f6ac1759000 ---p 0006d000 08:04 10485782                   /tmp/libgdxchobe/d63e3ba1/libgdx64.so
7f6ac1759000-7f6ac175b000 r--p 0006c000 08:04 10485782                   /tmp/libgdxchobe/d63e3ba1/libgdx64.so
7f6ac175b000-7f6ac175c000 rw-p 0006e000 08:04 10485782                   /tmp/libgdxchobe/d63e3ba1/libgdx64.so
7f6ac175c000-7f6ac175d000 rw-p 00000000 00:00 0 
7f6ac175d000-7f6ac1764000 r--s 000fc000 08:04 3937447                    /usr/lib/jvm/java-6-openjdk-common/jre/lib/resources.jar
7f6ac1764000-7f6ac1765000 r--s 00124000 08:01 401464                     /media/New Volume/work/libgdxProjectsBig/alienShooter/alienShooter-desktop/libs/gdx-natives.jar
7f6ac1765000-7f6ac1767000 r--s 0019e000 08:01 401461                     /media/New Volume/work/libgdxProjectsBig/alienShooter/alienShooter-desktop/libs/gdx-backend-lwjgl-natives.jar
7f6ac1767000-7f6ac1778000 r--s 00128000 08:01 401463                     /media/New Volume/work/libgdxProjectsBig/alienShooter/alienShooter-desktop/libs/gdx-backend-lwjgl.jar
7f6ac1778000-7f6ac177b000 r--s 0007f000 08:04 3937444                    /usr/lib/jvm/java-6-openjdk-common/jre/lib/jsse.jar
7f6ac177b000-7f6ac1791000 r--s 0014b000 08:01 401447                     /media/New Volume/work/libgdxProjectsBig/alienShooter/alienShooter/libs/gdx.jar
7f6ac1791000-7f6ac1795000 r--s 00039000 08:04 3937429                    /usr/lib/jvm/java-6-openjdk-common/jre/lib/ext/sunpkcs11.jar
7f6ac1795000-7f6ac1797000 r--s 00001000 08:04 3937425                    /usr/lib/jvm/java-6-openjdk-common/jre/lib/ext/dnsns.jar
7f6ac1797000-7f6ac179a000 r--s 00031000 08:04 3937428                    /usr/lib/jvm/java-6-openjdk-common/jre/lib/ext/sunjce_provider.jar
7f6ac179a000-7f6ac179c000 r--s 0000f000 08:04 3937427                    /usr/lib/jvm/java-6-openjdk-common/jre/lib/ext/pulse-java.jar
7f6ac179c000-7f6ac179f000 r--s 00077000 08:04 3937426                    /usr/lib/jvm/java-6-openjdk-common/jre/lib/ext/localedata.jar
7f6ac179f000-7f6ac17a0000 r--s 00007000 08:04 5645676                    /usr/share/java/java-atk-wrapper.jar
7f6ac17a0000-7f6ac17a1000 ---p 00000000 00:00 0 
7f6ac17a1000-7f6ac18a1000 rw-p 00000000 00:00 0 
7f6ac18a1000-7f6ac18a4000 ---p 00000000 00:00 0 
7f6ac18a4000-7f6ac19a2000 rw-p 00000000 00:00 0 
7f6ac19a2000-7f6ac19a5000 ---p 00000000 00:00 0 
7f6ac19a5000-7f6ac1aa3000 rw-p 00000000 00:00 0 
7f6ac1aa3000-7f6ac1aa6000 ---p 00000000 00:00 0 
7f6ac1aa6000-7f6ac1ba4000 rw-p 00000000 00:00 0 
7f6ac1ba4000-7f6ac1ba7000 ---p 00000000 00:00 0 
7f6ac1ba7000-7f6ac1ca5000 rw-p 00000000 00:00 0 
7f6ac1ca5000-7f6ac1e1c000 r--p 00000000 08:04 4066468                    /usr/lib/locale/locale-archive
7f6ac1e1c000-7f6ac1e1f000 ---p 00000000 00:00 0 
7f6ac1e1f000-7f6ac1f1d000 rw-p 00000000 00:00 0 
7f6ac1f1d000-7f6ac1f20000 ---p 00000000 00:00 0 
7f6ac1f20000-7f6ac201e000 rw-p 00000000 00:00 0 
7f6ac201e000-7f6ac201f000 ---p 00000000 00:00 0 
7f6ac201f000-7f6ac2657000 rw-p 00000000 00:00 0 
7f6ac2657000-7f6ac27eb000 r--s 03807000 08:04 3937345                    /usr/lib/jvm/java-6-openjdk-amd64/jre/lib/rt.jar
7f6ac27eb000-7f6ac2813000 rw-p 00000000 00:00 0 
7f6ac2813000-7f6ac2814000 ---p 00000000 00:00 0 
7f6ac2814000-7f6ac2914000 rw-p 00000000 00:00 0 
7f6ac2914000-7f6ac2915000 ---p 00000000 00:00 0 
7f6ac2915000-7f6ac2a15000 rw-p 00000000 00:00 0 
7f6ac2a15000-7f6ac2a16000 ---p 00000000 00:00 0 
7f6ac2a16000-7f6ac2b16000 rw-p 00000000 00:00 0 
7f6ac2b16000-7f6ac2b17000 ---p 00000000 00:00 0 
7f6ac2b17000-7f6ac2c22000 rw-p 00000000 00:00 0 
7f6ac2c22000-7f6ac2c6a000 rw-p 00000000 00:00 0 
7f6ac2c6a000-7f6ac2c7f000 rw-p 00000000 00:00 0 
7f6ac2c7f000-7f6ac2db0000 rw-p 00000000 00:00 0 
7f6ac2db0000-7f6ac2dbb000 rw-p 00000000 00:00 0 
7f6ac2dbb000-7f6ac2e03000 rw-p 00000000 00:00 0 
7f6ac2e03000-7f6ac2e18000 rw-p 00000000 00:00 0 
7f6ac2e18000-7f6ac2f48000 rw-p 00000000 00:00 0 
7f6ac2f48000-7f6ac2f53000 rw-p 00000000 00:00 0 
7f6ac2f53000-7f6ac2feb000 rw-p 00000000 00:00 0 
7f6ac2feb000-7f6ac2fec000 rw-p 00000000 00:00 0 
7f6ac2fec000-7f6ac325c000 rwxp 00000000 00:00 0 
7f6ac325c000-7f6ac5fec000 rw-p 00000000 00:00 0 
7f6ac5fec000-7f6ac5ff3000 r-xp 00000000 08:04 3937285                    /usr/lib/jvm/java-6-openjdk-amd64/jre/lib/amd64/libzip.so
7f6ac5ff3000-7f6ac61f2000 ---p 00007000 08:04 3937285                    /usr/lib/jvm/java-6-openjdk-amd64/jre/lib/amd64/libzip.so
7f6ac61f2000-7f6ac61f3000 rw-p 00006000 08:04 3937285                    /usr/lib/jvm/java-6-openjdk-amd64/jre/lib/amd64/libzip.so
7f6ac61f3000-7f6ac61fe000 r-xp 00000000 08:04 12190641                   /lib/x86_64-linux-gnu/libnss_files-2.13.so
7f6ac61fe000-7f6ac63fd000 ---p 0000b000 08:04 12190641                   /lib/x86_64-linux-gnu/libnss_files-2.13.so
7f6ac63fd000-7f6ac63fe000 r--p 0000a000 08:04 12190641                   /lib/x86_64-linux-gnu/libnss_files-2.13.so
7f6ac63fe000-7f6ac63ff000 rw-p 0000b000 08:04 12190641                   /lib/x86_64-linux-gnu/libnss_files-2.13.so
7f6ac63ff000-7f6ac6409000 r-xp 00000000 08:04 12190645                   /lib/x86_64-linux-gnu/libnss_nis-2.13.so
7f6ac6409000-7f6ac6608000 ---p 0000a000 08:04 12190645                   /lib/x86_64-linux-gnu/libnss_nis-2.13.so
7f6ac6608000-7f6ac6609000 r--p 00009000 08:04 12190645                   /lib/x86_64-linux-gnu/libnss_nis-2.13.so
7f6ac6609000-7f6ac660a000 rw-p 0000a000 08:04 12190645                   /lib/x86_64-linux-gnu/libnss_nis-2.13.so
7f6ac660a000-7f6ac6611000 r-xp 00000000 08:04 12190637                   /lib/x86_64-linux-gnu/libnss_compat-2.13.so
7f6ac6611000-7f6ac6810000 ---p 00007000 08:04 12190637                   /lib/x86_64-linux-gnu/libnss_compat-2.13.so
7f6ac6810000-7f6ac6811000 r--p 00006000 08:04 12190637                   /lib/x86_64-linux-gnu/libnss_compat-2.13.so
7f6ac6811000-7f6ac6812000 rw-p 00007000 08:04 12190637                   /lib/x86_64-linux-gnu/libnss_compat-2.13.so
7f6ac6812000-7f6ac6827000 r-xp 00000000 08:04 12190635                   /lib/x86_64-linux-gnu/libnsl-2.13.so
7f6ac6827000-7f6ac6a26000 ---p 00015000 08:04 12190635                   /lib/x86_64-linux-gnu/libnsl-2.13.so
7f6ac6a26000-7f6ac6a27000 r--p 00014000 08:04 12190635                   /lib/x86_64-linux-gnu/libnsl-2.13.so
7f6ac6a27000-7f6ac6a28000 rw-p 00015000 08:04 12190635                   /lib/x86_64-linux-gnu/libnsl-2.13.so
7f6ac6a28000-7f6ac6a2a000 rw-p 00000000 00:00 0 
7f6ac6a2a000-7f6ac6a58000 r-xp 00000000 08:04 3937265                    /usr/lib/jvm/java-6-openjdk-amd64/jre/lib/amd64/libjava.so
7f6ac6a58000-7f6ac6c57000 ---p 0002e000 08:04 3937265                    /usr/lib/jvm/java-6-openjdk-amd64/jre/lib/amd64/libjava.so
7f6ac6c57000-7f6ac6c5b000 rw-p 0002d000 08:04 3937265                    /usr/lib/jvm/java-6-openjdk-amd64/jre/lib/amd64/libjava.so
7f6ac6c5b000-7f6ac6c6a000 r-xp 00000000 08:04 3937284                    /usr/lib/jvm/java-6-openjdk-amd64/jre/lib/amd64/libverify.so
7f6ac6c6a000-7f6ac6e69000 ---p 0000f000 08:04 3937284                    /usr/lib/jvm/java-6-openjdk-amd64/jre/lib/amd64/libverify.so
7f6ac6e69000-7f6ac6e6b000 rw-p 0000e000 08:04 3937284                    /usr/lib/jvm/java-6-openjdk-amd64/jre/lib/amd64/libverify.so
7f6ac6e6b000-7f6ac6e72000 r-xp 00000000 08:04 12190678                   /lib/x86_64-linux-gnu/librt-2.13.so
7f6ac6e72000-7f6ac7071000 ---p 00007000 08:04 12190678                   /lib/x86_64-linux-gnu/librt-2.13.so
7f6ac7071000-7f6ac7072000 r--p 00006000 08:04 12190678                   /lib/x86_64-linux-gnu/librt-2.13.so
7f6ac7072000-7f6ac7073000 rw-p 00007000 08:04 12190678                   /lib/x86_64-linux-gnu/librt-2.13.so
7f6ac7073000-7f6ac7088000 r-xp 00000000 08:04 12190593                   /lib/x86_64-linux-gnu/libgcc_s.so.1
7f6ac7088000-7f6ac7288000 ---p 00015000 08:04 12190593                   /lib/x86_64-linux-gnu/libgcc_s.so.1
7f6ac7288000-7f6ac7289000 rw-p 00015000 08:04 12190593                   /lib/x86_64-linux-gnu/libgcc_s.so.1
7f6ac7289000-7f6ac730a000 r-xp 00000000 08:04 12190616                   /lib/x86_64-linux-gnu/libm-2.13.so
7f6ac730a000-7f6ac7509000 ---p 00081000 08:04 12190616                   /lib/x86_64-linux-gnu/libm-2.13.so
7f6ac7509000-7f6ac750a000 r--p 00080000 08:04 12190616                   /lib/x86_64-linux-gnu/libm-2.13.so
7f6ac750a000-7f6ac750b000 rw-p 00081000 08:04 12190616                   /lib/x86_64-linux-gnu/libm-2.13.so
7f6ac750b000-7f6ac75f3000 r-xp 00000000 08:04 4200440                    /usr/lib/x86_64-linux-gnu/libstdc++.so.6.0.17
7f6ac75f3000-7f6ac77f3000 ---p 000e8000 08:04 4200440                    /usr/lib/x86_64-linux-gnu/libstdc++.so.6.0.17
7f6ac77f3000-7f6ac77fb000 r--p 000e8000 08:04 4200440                    /usr/lib/x86_64-linux-gnu/libstdc++.so.6.0.17
7f6ac77fb000-7f6ac77fd000 rw-p 000f0000 08:04 4200440                    /usr/lib/x86_64-linux-gnu/libstdc++.so.6.0.17
7f6ac77fd000-7f6ac7812000 rw-p 00000000 00:00 0 
7f6ac7812000-7f6ac8126000 r-xp 00000000 08:04 3937292                    /usr/lib/jvm/java-6-openjdk-amd64/jre/lib/amd64/server/libjvm.so
7f6ac8126000-7f6ac8325000 ---p 00914000 08:04 3937292                    /usr/lib/jvm/java-6-openjdk-amd64/jre/lib/amd64/server/libjvm.so
7f6ac8325000-7f6ac83c1000 rw-p 00913000 08:04 3937292                    /usr/lib/jvm/java-6-openjdk-amd64/jre/lib/amd64/server/libjvm.so
7f6ac83c1000-7f6ac83ea000 rw-p 00000000 00:00 0 
7f6ac83ea000-7f6ac856c000 r-xp 00000000 08:04 12190569                   /lib/x86_64-linux-gnu/libc-2.13.so
7f6ac856c000-7f6ac876b000 ---p 00182000 08:04 12190569                   /lib/x86_64-linux-gnu/libc-2.13.so
7f6ac876b000-7f6ac876f000 r--p 00181000 08:04 12190569                   /lib/x86_64-linux-gnu/libc-2.13.so
7f6ac876f000-7f6ac8770000 rw-p 00185000 08:04 12190569                   /lib/x86_64-linux-gnu/libc-2.13.so
7f6ac8770000-7f6ac8775000 rw-p 00000000 00:00 0 
7f6ac8775000-7f6ac8777000 r-xp 00000000 08:04 12190583                   /lib/x86_64-linux-gnu/libdl-2.13.so
7f6ac8777000-7f6ac8977000 ---p 00002000 08:04 12190583                   /lib/x86_64-linux-gnu/libdl-2.13.so
7f6ac8977000-7f6ac8978000 r--p 00002000 08:04 12190583                   /lib/x86_64-linux-gnu/libdl-2.13.so
7f6ac8978000-7f6ac8979000 rw-p 00003000 08:04 12190583                   /lib/x86_64-linux-gnu/libdl-2.13.so
7f6ac8979000-7f6ac897d000 r-xp 00000000 08:04 3937252                    /usr/lib/jvm/java-6-openjdk-amd64/jre/lib/amd64/jli/libjli.so
7f6ac897d000-7f6ac8b7c000 ---p 00004000 08:04 3937252                    /usr/lib/jvm/java-6-openjdk-amd64/jre/lib/amd64/jli/libjli.so
7f6ac8b7c000-7f6ac8b7d000 rw-p 00003000 08:04 3937252                    /usr/lib/jvm/java-6-openjdk-amd64/jre/lib/amd64/jli/libjli.so
7f6ac8b7d000-7f6ac8b94000 r-xp 00000000 08:04 12190670                   /lib/x86_64-linux-gnu/libpthread-2.13.so
7f6ac8b94000-7f6ac8d93000 ---p 00017000 08:04 12190670                   /lib/x86_64-linux-gnu/libpthread-2.13.so
7f6ac8d93000-7f6ac8d94000 r--p 00016000 08:04 12190670                   /lib/x86_64-linux-gnu/libpthread-2.13.so
7f6ac8d94000-7f6ac8d95000 rw-p 00017000 08:04 12190670                   /lib/x86_64-linux-gnu/libpthread-2.13.so
7f6ac8d95000-7f6ac8d99000 rw-p 00000000 00:00 0 
7f6ac8d99000-7f6ac8daf000 r-xp 00000000 08:04 12190712                   /lib/x86_64-linux-gnu/libz.so.1.2.7
7f6ac8daf000-7f6ac8fae000 ---p 00016000 08:04 12190712                   /lib/x86_64-linux-gnu/libz.so.1.2.7
7f6ac8fae000-7f6ac8faf000 r--p 00015000 08:04 12190712                   /lib/x86_64-linux-gnu/libz.so.1.2.7
7f6ac8faf000-7f6ac8fb0000 rw-p 00016000 08:04 12190712                   /lib/x86_64-linux-gnu/libz.so.1.2.7
7f6ac8fb0000-7f6ac8fd0000 r-xp 00000000 08:04 12190547                   /lib/x86_64-linux-gnu/ld-2.13.so
7f6ac8fd0000-7f6ac8fd2000 r--s 00000000 08:04 8650804                    /var/cache/fontconfig/4b14b093aebc79c320de5e86ae1d3314-le64.cache-3
7f6ac8fd2000-7f6ac8fd3000 r--s 00000000 08:04 8650801                    /var/cache/fontconfig/62f91419b9ebdb6975e7e41ab6412357-le64.cache-3
7f6ac8fd3000-7f6ac8fd6000 r--s 00000000 08:04 8650806                    /var/cache/fontconfig/e49e89034d371f0f9de17aab02136486-le64.cache-3
7f6ac8fd6000-7f6ac8fd8000 r--s 00000000 08:04 8650804                    /var/cache/fontconfig/4b14b093aebc79c320de5e86ae1d3314-le64.cache-3
7f6ac8fd8000-7f6ac8fdf000 r--s 00000000 08:04 8650816                    /var/cache/fontconfig/3f7329c5293ffd510edef78f73874cfd-le64.cache-3
7f6ac8fdf000-7f6ac8fe9000 r--s 00000000 08:04 8650810                    /var/cache/fontconfig/83bf95040141907cd45bb53cf7c1c148-le64.cache-3
7f6ac8fe9000-7f6ac8ff3000 rw-p 00000000 00:00 0 
7f6ac8ff3000-7f6ac90a9000 rw-p 00000000 00:00 0 
7f6ac90a9000-7f6ac90ac000 ---p 00000000 00:00 0 
7f6ac90ac000-7f6ac91af000 rw-p 00000000 00:00 0 
7f6ac91af000-7f6ac91b0000 r--s 00000000 08:04 8650817                    /var/cache/fontconfig/c05880de57d1f5e948fdfacc138775d9-le64.cache-3
7f6ac91b0000-7f6ac91b1000 r--s 00000000 08:04 8650801                    /var/cache/fontconfig/62f91419b9ebdb6975e7e41ab6412357-le64.cache-3
7f6ac91b1000-7f6ac91c3000 r--s 00000000 08:04 8128829                    /home/chobe/.fontconfig/e13b20fdb08344e0e664864cc2ede53d-le64.cache-3
7f6ac91c3000-7f6ac91cb000 rw-s 00000000 08:04 10485792                   /tmp/hsperfdata_chobe/2553 (deleted)
7f6ac91cb000-7f6ac91cc000 rw-p 00000000 00:00 0 
7f6ac91cc000-7f6ac91cd000 ---p 00000000 00:00 0 
7f6ac91cd000-7f6ac91cf000 rw-p 00000000 00:00 0 
7f6ac91cf000-7f6ac91d0000 r--p 0001f000 08:04 12190547                   /lib/x86_64-linux-gnu/ld-2.13.so
7f6ac91d0000-7f6ac91d1000 rw-p 00020000 08:04 12190547                   /lib/x86_64-linux-gnu/ld-2.13.so
7f6ac91d1000-7f6ac91d2000 rw-p 00000000 00:00 0 
7fff84aee000-7fff84b0f000 rw-p 00000000 00:00 0                          [stack]
7fff84bf7000-7fff84bf8000 r-xp 00000000 00:00 0                          [vdso]
ffffffffff600000-ffffffffff601000 r-xp 00000000 00:00 0                  [vsyscall]

VM Arguments:
jvm_args: -Dfile.encoding=UTF-8 
java_command: com.me.alienShooter.Main
Launcher Type: SUN_STANDARD

Environment Variables:
PATH=/usr/local/bin:/usr/bin:/bin:/usr/local/games:/usr/games
USERNAME=chobe
LD_LIBRARY_PATH=/usr/lib/jvm/java-6-openjdk-amd64/jre/lib/amd64/server:/usr/lib/jvm/java-6-openjdk-amd64/jre/lib/amd64:/usr/lib/jvm/java-6-openjdk-amd64/jre/../lib/amd64
SHELL=/bin/bash
DISPLAY=:0

Signal Handlers:
SIGSEGV: [libjvm.so+0x791b10], sa_mask[0]=0x7ffbfeff, sa_flags=0x10000004
SIGBUS: [libjvm.so+0x791b10], sa_mask[0]=0x7ffbfeff, sa_flags=0x10000004
SIGFPE: [libjvm.so+0x65ace0], sa_mask[0]=0x7ffbfeff, sa_flags=0x10000004
SIGPIPE: [libjvm.so+0x65ace0], sa_mask[0]=0x7ffbfeff, sa_flags=0x10000004
SIGXFSZ: [libjvm.so+0x65ace0], sa_mask[0]=0x7ffbfeff, sa_flags=0x10000004
SIGILL: [libjvm.so+0x65ace0], sa_mask[0]=0x7ffbfeff, sa_flags=0x10000004
SIGUSR1: SIG_DFL, sa_mask[0]=0x00000000, sa_flags=0x00000000
SIGUSR2: [libjvm.so+0x65aec0], sa_mask[0]=0x00000004, sa_flags=0x10000004
SIGHUP: [libjvm.so+0x65d500], sa_mask[0]=0x7ffbfeff, sa_flags=0x10000004
SIGINT: [libjvm.so+0x65d500], sa_mask[0]=0x7ffbfeff, sa_flags=0x10000004
SIGTERM: [libjvm.so+0x65d500], sa_mask[0]=0x7ffbfeff, sa_flags=0x10000004
SIGQUIT: [libjvm.so+0x65d500], sa_mask[0]=0x7ffbfeff, sa_flags=0x10000004


---------------  S Y S T E M  ---------------

OS:7.4

uname:Linux 3.2.0-4-amd64 #1 SMP Debian 3.2.54-2 x86_64
libc:glibc 2.13 NPTL 2.13 
rlimit: STACK 8192k, CORE 0k, NPROC 31105, NOFILE 4096, AS infinity
load average:2.47 1.50 1.05

/proc/meminfo:
MemTotal:        3993672 kB
MemFree:          225232 kB
Buffers:          113028 kB
Cached:          1978036 kB
SwapCached:         7108 kB
Active:          2024384 kB
Inactive:        1305288 kB
Active(anon):     981128 kB
Inactive(anon):   260088 kB
Active(file):    1043256 kB
Inactive(file):  1045200 kB
Unevictable:           0 kB
Mlocked:               0 kB
SwapTotal:       4120572 kB
SwapFree:        4076224 kB
Dirty:               140 kB
Writeback:             0 kB
AnonPages:       1232924 kB
Mapped:           151664 kB
Shmem:              2604 kB
Slab:             215164 kB
SReclaimable:     187920 kB
SUnreclaim:        27244 kB
KernelStack:        3280 kB
PageTables:        19148 kB
NFS_Unstable:          0 kB
Bounce:                0 kB
WritebackTmp:          0 kB
CommitLimit:     6117408 kB
Committed_AS:    2564612 kB
VmallocTotal:   34359738367 kB
VmallocUsed:      168440 kB
VmallocChunk:   34359565715 kB
HardwareCorrupted:     0 kB
AnonHugePages:         0 kB
HugePages_Total:       0
HugePages_Free:        0
HugePages_Rsvd:        0
HugePages_Surp:        0
Hugepagesize:       2048 kB
DirectMap4k:     3523584 kB
DirectMap2M:      604160 kB


CPU:total 4 (4 cores per cpu, 1 threads per core) family 6 model 15 stepping 11, cmov, cx8, fxsr, mmx, sse, sse2, sse3, ssse3

Memory: 4k page, physical 3993672k(225232k free), swap 4120572k(4076224k free)

vm_info: OpenJDK 64-Bit Server VM (20.0-b12) for linux-amd64 JRE (1.6.0_27-b27), built on Jul 12 2013 09:04:12 by "jmm" with gcc 4.7.2

time: Mon Apr 21 21:57:36 2014
elapsed time: 54 seconds

